<?xml version="1.0" encoding="UTF-8"?>
<!-- Generated by org.testng.reporters.JUnitXMLReporter -->
<testsuite ignored="0" hostname="LTIN238903" failures="0" tests="7" name="Chrome" time="240.495" errors="0" timestamp="2024-02-29T14:24:16 IST">
  <testcase classname="TestCases.IdentifyCourses" name="Select_the_WebDevelopment_Skill" time="39.16"/>
  <testcase classname="TestCases.IdentifyCourses" name="Select_the_English_And_Beginner" time="6.11"/>
  <testcase classname="TestCases.IdentifyCourses" name="Fetch_the_Course_Details" time="47.808"/>
  <testcase classname="TestCases.IdentifyCourses" name="Select_the_LanguageLearning_skill" time="65.734"/>
  <testcase classname="TestCases.IdentifyCourses" name="Fetch_Language_and_Level_counts" time="6.051"/>
  <testcase classname="TestCases.IdentifyCourses" name="navigate_to_the_form" time="27.411"/>
  <testcase classname="TestCases.IdentifyCourses" name="CaptureErrorMessage" time="9.899"/>
</testsuite> <!-- Chrome -->
