<?xml version="1.0" encoding="UTF-8"?>
<testng-results ignored="0" total="7" passed="7" failed="0" skipped="0">
  <reporter-output>
  </reporter-output>
  <suite started-at="2024-02-29T14:20:09 IST" name="Suite" finished-at="2024-02-29T14:24:10 IST" duration-ms="240495">
    <groups>
    </groups>
    <test started-at="2024-02-29T14:20:09 IST" name="Chrome" finished-at="2024-02-29T14:24:10 IST" duration-ms="240495">
      <class name="TestCases.IdentifyCourses">
        <test-method is-config="true" signature="createdriver(java.lang.String,java.lang.String,java.lang.String)[pri:0, instance:TestCases.IdentifyCourses@4082ba93]" started-at="2024-02-29T14:20:10 IST" name="createdriver" finished-at="2024-02-29T14:20:44 IST" duration-ms="34681" status="PASS">
          <params>
            <param index="0">
              <value>
                <![CDATA[chrome]]>
              </value>
            </param>
            <param index="1">
              <value>
                <![CDATA[local]]>
              </value>
            </param>
            <param index="2">
              <value>
                <![CDATA[windows]]>
              </value>
            </param>
          </params>
          <reporter-output>
          </reporter-output>
        </test-method> <!-- createdriver -->
        <test-method signature="Select_the_WebDevelopment_Skill()[pri:0, instance:TestCases.IdentifyCourses@4082ba93]" started-at="2024-02-29T14:20:44 IST" name="Select_the_WebDevelopment_Skill" finished-at="2024-02-29T14:21:24 IST" duration-ms="39160" status="PASS">
          <reporter-output>
          </reporter-output>
        </test-method> <!-- Select_the_WebDevelopment_Skill -->
        <test-method signature="Select_the_English_And_Beginner()[pri:1, instance:TestCases.IdentifyCourses@4082ba93]" started-at="2024-02-29T14:21:24 IST" name="Select_the_English_And_Beginner" finished-at="2024-02-29T14:21:30 IST" duration-ms="6110" status="PASS">
          <reporter-output>
          </reporter-output>
        </test-method> <!-- Select_the_English_And_Beginner -->
        <test-method signature="Fetch_the_Course_Details()[pri:2, instance:TestCases.IdentifyCourses@4082ba93]" started-at="2024-02-29T14:21:30 IST" name="Fetch_the_Course_Details" finished-at="2024-02-29T14:22:18 IST" duration-ms="47808" status="PASS">
          <reporter-output>
          </reporter-output>
        </test-method> <!-- Fetch_the_Course_Details -->
        <test-method signature="Select_the_LanguageLearning_skill()[pri:3, instance:TestCases.IdentifyCourses@4082ba93]" started-at="2024-02-29T14:22:18 IST" name="Select_the_LanguageLearning_skill" finished-at="2024-02-29T14:23:24 IST" duration-ms="65734" status="PASS">
          <reporter-output>
          </reporter-output>
        </test-method> <!-- Select_the_LanguageLearning_skill -->
        <test-method signature="Fetch_Language_and_Level_counts()[pri:4, instance:TestCases.IdentifyCourses@4082ba93]" started-at="2024-02-29T14:23:24 IST" name="Fetch_Language_and_Level_counts" finished-at="2024-02-29T14:23:30 IST" duration-ms="6051" status="PASS">
          <reporter-output>
          </reporter-output>
        </test-method> <!-- Fetch_Language_and_Level_counts -->
        <test-method signature="navigate_to_the_form()[pri:5, instance:TestCases.IdentifyCourses@4082ba93]" started-at="2024-02-29T14:23:31 IST" name="navigate_to_the_form" finished-at="2024-02-29T14:23:58 IST" duration-ms="27411" status="PASS">
          <reporter-output>
          </reporter-output>
        </test-method> <!-- navigate_to_the_form -->
        <test-method signature="CaptureErrorMessage()[pri:6, instance:TestCases.IdentifyCourses@4082ba93]" started-at="2024-02-29T14:23:58 IST" name="CaptureErrorMessage" finished-at="2024-02-29T14:24:08 IST" duration-ms="9899" status="PASS">
          <reporter-output>
          </reporter-output>
        </test-method> <!-- CaptureErrorMessage -->
        <test-method is-config="true" signature="tearDown()[pri:0, instance:TestCases.IdentifyCourses@4082ba93]" started-at="2024-02-29T14:24:08 IST" name="tearDown" finished-at="2024-02-29T14:24:10 IST" duration-ms="1281" status="PASS">
          <reporter-output>
          </reporter-output>
        </test-method> <!-- tearDown -->
      </class> <!-- TestCases.IdentifyCourses -->
    </test> <!-- Chrome -->
  </suite> <!-- Suite -->
</testng-results>
